Traceback (most recent call last):
  File "/home/runner/micromamba-root/envs/buildenv/lib/python3.10/site-packages/jupyter_cache/executors/utils.py", line 51, in single_nb_execution
    executenb(
  File "/home/runner/micromamba-root/envs/buildenv/lib/python3.10/site-packages/nbclient/client.py", line 1204, in execute
    return NotebookClient(nb=nb, resources=resources, km=km, **kwargs).execute()
  File "/home/runner/micromamba-root/envs/buildenv/lib/python3.10/site-packages/nbclient/util.py", line 84, in wrapped
    return just_run(coro(*args, **kwargs))
  File "/home/runner/micromamba-root/envs/buildenv/lib/python3.10/site-packages/nbclient/util.py", line 62, in just_run
    return loop.run_until_complete(coro)
  File "/home/runner/micromamba-root/envs/buildenv/lib/python3.10/asyncio/base_events.py", line 646, in run_until_complete
    return future.result()
  File "/home/runner/micromamba-root/envs/buildenv/lib/python3.10/site-packages/nbclient/client.py", line 663, in async_execute
    await self.async_execute_cell(
  File "/home/runner/micromamba-root/envs/buildenv/lib/python3.10/site-packages/nbclient/client.py", line 965, in async_execute_cell
    await self._check_raise_for_error(cell, cell_index, exec_reply)
  File "/home/runner/micromamba-root/envs/buildenv/lib/python3.10/site-packages/nbclient/client.py", line 862, in _check_raise_for_error
    raise CellExecutionError.from_cell_and_msg(cell, exec_reply_content)
nbclient.exceptions.CellExecutionError: An error occurred while executing the following cell:
------------------
from ocpmodels.common.relaxation.ase_utils import OCPCalculator
import ase.io
from ase.optimize import BFGS
from ase.build import fcc100, add_adsorbate, molecule
import os
from ase.constraints import FixAtoms

# Construct a sample structure
adslab = fcc100("Cu", size=(3, 3, 3))
adsorbate = molecule("C3H8")
add_adsorbate(adslab, adsorbate, 3, offset=(1, 1))
tags = np.zeros(len(adslab))
tags[18:27] = 1
tags[27:] = 2
adslab.set_tags(tags)
cons= FixAtoms(indices=[atom.index for atom in adslab if (atom.tag == 0)])
adslab.set_constraint(cons)
adslab.center(vacuum=13.0, axis=2)
adslab.set_pbc(True)

# Define the calculator
calc = OCPCalculator(checkpoint=checkpoint_path)

# Set up the calculator
adslab.calc = calc

os.makedirs("data/sample_ml_relax", exist_ok=True)
opt = BFGS(adslab, trajectory="data/sample_ml_relax/toy_c3h8_relax.traj")

opt.run(fmax=0.05, steps=100)
------------------

[0;31m---------------------------------------------------------------------------[0m
[0;31mModuleNotFoundError[0m                       Traceback (most recent call last)
Cell [0;32mIn [2], line 1[0m
[0;32m----> 1[0m [38;5;28;01mfrom[39;00m [38;5;21;01mocpmodels[39;00m[38;5;21;01m.[39;00m[38;5;21;01mcommon[39;00m[38;5;21;01m.[39;00m[38;5;21;01mrelaxation[39;00m[38;5;21;01m.[39;00m[38;5;21;01mase_utils[39;00m [38;5;28;01mimport[39;00m OCPCalculator
[1;32m      2[0m [38;5;28;01mimport[39;00m [38;5;21;01mase[39;00m[38;5;21;01m.[39;00m[38;5;21;01mio[39;00m
[1;32m      3[0m [38;5;28;01mfrom[39;00m [38;5;21;01mase[39;00m[38;5;21;01m.[39;00m[38;5;21;01moptimize[39;00m [38;5;28;01mimport[39;00m BFGS

[0;31mModuleNotFoundError[0m: No module named 'ocpmodels'
ModuleNotFoundError: No module named 'ocpmodels'

